outputs/logs/manifest-merger-release-report.txt
-- Merging decision tree log ---
provider#androidx.core.content.FileProvider
INJECTED from src\main\AndroidManifest.xml:34:9-42:20
	android:grantUriPermissions
		ADDED from src\main\AndroidManifest.xml:38:13-47
	android:authorities
		INJECTED from src\main\AndroidManifest.xml
		ADDED from src\main\AndroidManifest.xml:36:13-60
	android:exported
		ADDED from src\main\AndroidManifest.xml:37:13-37
	android:name
		ADDED from src\main\AndroidManifest.xml:35:13-62
manifest
ADDED from src\main\AndroidManifest.xml:2:1-65:12
INJECTED from src\main\AndroidManifest.xml:2:1-65:12
INJECTED from src\main\AndroidManifest.xml:2:1-65:12
INJECTED from src\main\AndroidManifest.xml:2:1-65:12
MERGED from [com.google.maps.android:maps-compose:6.2.1] AndroidManifest.xml:17:1-22:12
MERGED from [com.google.android.material:material:1.12.0] AndroidManifest.xml:17:1-24:12
MERGED from [com.google.android.gms:play-services-ads:23.0.0] AndroidManifest.xml:17:1-25:12
MERGED from [androidx.constraintlayout:constraintlayout:2.0.1] AndroidManifest.xml:2:1-11:12
MERGED from [io.coil-kt:coil-compose:2.6.0] AndroidManifest.xml:2:1-7:12
MERGED from [io.coil-kt:coil-compose-base:2.6.0] AndroidManifest.xml:2:1-7:12
MERGED from [io.coil-kt:coil:2.6.0] AndroidManifest.xml:2:1-7:12
MERGED from [io.coil-kt:coil-base:2.6.0] AndroidManifest.xml:2:1-7:12
MERGED from [androidx.appcompat:appcompat-resources:1.6.1] AndroidManifest.xml:17:1-22:12
MERGED from [androidx.appcompat:appcompat:1.6.1] AndroidManifest.xml:17:1-22:12
MERGED from [androidx.coordinatorlayout:coordinatorlayout:1.1.0] AndroidManifest.xml:17:1-24:12
MERGED from [androidx.drawerlayout:drawerlayout:1.1.1] AndroidManifest.xml:17:1-24:12
MERGED from [androidx.transition:transition:1.5.0] AndroidManifest.xml:2:1-7:12
MERGED from [androidx.dynamicanimation:dynamicanimation:1.0.0] AndroidManifest.xml:17:1-22:12
MERGED from [androidx.vectordrawable:vectordrawable-animated:1.1.0] AndroidManifest.xml:17:1-24:12
MERGED from [androidx.vectordrawable:vectordrawable:1.1.0] AndroidManifest.xml:17:1-24:12
MERGED from [androidx.viewpager2:viewpager2:1.0.0] AndroidManifest.xml:17:1-24:12
MERGED from [androidx.compose.material3:material3-android:1.3.1] AndroidManifest.xml:17:1-22:12
MERGED from [androidx.compose.animation:animation-core-android:1.7.5] AndroidManifest.xml:2:1-7:12
MERGED from [androidx.compose.material:material-ripple-android:1.7.5] AndroidManifest.xml:2:1-7:12
MERGED from [androidx.compose.animation:animation-android:1.7.5] AndroidManifest.xml:2:1-7:12
MERGED from [androidx.compose.foundation:foundation-layout-android:1.7.5] AndroidManifest.xml:2:1-7:12
MERGED from [androidx.compose.foundation:foundation-android:1.7.5] AndroidManifest.xml:2:1-7:12
MERGED from [androidx.compose.ui:ui-unit-android:1.7.5] AndroidManifest.xml:2:1-7:12
MERGED from [androidx.compose.ui:ui-geometry-android:1.7.5] AndroidManifest.xml:2:1-7:12
MERGED from [androidx.compose.ui:ui-util-android:1.7.5] AndroidManifest.xml:2:1-7:12
MERGED from [androidx.compose.ui:ui-text-android:1.7.5] AndroidManifest.xml:2:1-7:12
MERGED from [androidx.compose.ui:ui-tooling-preview-android:1.7.5] AndroidManifest.xml:17:1-22:12
MERGED from [androidx.compose.ui:ui-graphics-android:1.7.5] AndroidManifest.xml:2:1-7:12
MERGED from [com.google.accompanist:accompanist-drawablepainter:0.32.0] AndroidManifest.xml:17:1-23:12
MERGED from [androidx.compose.material:material-icons-core-android:1.7.5] AndroidManifest.xml:2:1-7:12
MERGED from [androidx.compose.ui:ui-android:1.7.5] AndroidManifest.xml:2:1-7:12
MERGED from [androidx.activity:activity-ktx:1.9.3] AndroidManifest.xml:2:1-7:12
MERGED from [androidx.activity:activity-compose:1.9.3] AndroidManifest.xml:2:1-7:12
MERGED from [com.google.maps.android:maps-ktx:5.1.1] AndroidManifest.xml:18:1-23:12
MERGED from [com.google.android.gms:play-services-maps:19.0.0] AndroidManifest.xml:17:1-44:12
MERGED from [com.google.firebase:firebase-auth:24.0.1] AndroidManifest.xml:17:1-75:12
MERGED from [androidx.credentials:credentials:1.2.0-rc01] AndroidManifest.xml:2:1-7:12
MERGED from [androidx.credentials:credentials-play-services-auth:1.2.0-rc01] AndroidManifest.xml:17:1-44:12
MERGED from [com.google.android.gms:play-services-auth:21.2.0] AndroidManifest.xml:17:1-40:12
MERGED from [com.google.android.gms:play-services-location:21.3.0] AndroidManifest.xml:2:1-8:12
MERGED from [com.google.firebase:firebase-firestore:26.1.1] AndroidManifest.xml:2:1-26:12
MERGED from [com.google.firebase:firebase-messaging:25.0.1] AndroidManifest.xml:17:1-66:12
MERGED from [com.google.firebase:firebase-storage:22.0.1] AndroidManifest.xml:15:1-39:12
MERGED from [com.google.android.gms:play-services-appset:16.0.1] AndroidManifest.xml:2:1-9:12
MERGED from [com.google.android.gms:play-services-auth-api-phone:18.0.2] AndroidManifest.xml:2:1-7:12
MERGED from [com.google.android.gms:play-services-auth-base:18.0.10] AndroidManifest.xml:2:1-7:12
MERGED from [com.google.firebase:firebase-database-collection:18.0.1] AndroidManifest.xml:2:1-9:12
MERGED from [com.google.firebase:firebase-appcheck:19.0.2] AndroidManifest.xml:15:1-34:12
MERGED from [com.google.firebase:firebase-appcheck-interop:17.1.0] AndroidManifest.xml:15:1-23:12
MERGED from [com.google.firebase:firebase-analytics:23.0.0] AndroidManifest.xml:2:1-9:12
MERGED from [com.google.android.gms:play-services-measurement:23.0.0] AndroidManifest.xml:17:1-46:12
MERGED from [com.google.android.gms:play-services-measurement-sdk:23.0.0] AndroidManifest.xml:17:1-25:12
MERGED from [com.google.android.gms:play-services-measurement-impl:23.0.0] AndroidManifest.xml:17:1-32:12
MERGED from [com.google.android.gms:play-services-fido:20.1.0] AndroidManifest.xml:2:1-10:12
MERGED from [com.google.android.gms:play-services-base:18.9.0] AndroidManifest.xml:16:1-24:12
MERGED from [com.google.android.gms:play-services-ads-lite:23.0.0] AndroidManifest.xml:17:1-95:12
MERGED from [com.google.android.gms:play-services-ads-base:23.0.0] AndroidManifest.xml:2:1-9:12
MERGED from [com.google.android.gms:play-services-measurement-api:23.0.0] AndroidManifest.xml:17:1-39:12
MERGED from [com.google.android.gms:play-services-ads-identifier:18.0.0] AndroidManifest.xml:17:1-27:12
MERGED from [com.google.android.recaptcha:recaptcha:18.6.1] AndroidManifest.xml:2:1-11:12
MERGED from [com.google.android.play:integrity:1.3.0] AndroidManifest.xml:2:1-7:12
MERGED from [com.google.firebase:firebase-auth-interop:20.0.0] AndroidManifest.xml:2:1-10:12
MERGED from [com.google.firebase:firebase-installations:19.1.0] AndroidManifest.xml:2:1-24:12
MERGED from [com.google.firebase:firebase-common:22.0.1] AndroidManifest.xml:15:1-41:12
MERGED from [com.google.firebase:firebase-iid-interop:17.1.0] AndroidManifest.xml:2:1-10:12
MERGED from [com.google.android.gms:play-services-cloud-messaging:17.2.0] AndroidManifest.xml:2:1-13:12
MERGED from [com.google.android.gms:play-services-stats:17.0.2] AndroidManifest.xml:2:1-9:12
MERGED from [androidx.legacy:legacy-support-core-utils:1.0.0] AndroidManifest.xml:17:1-22:12
MERGED from [androidx.loader:loader:1.1.0] AndroidManifest.xml:17:1-24:12
MERGED from [androidx.work:work-runtime:2.7.0] AndroidManifest.xml:17:1-145:12
MERGED from [androidx.savedstate:savedstate-ktx:1.2.1] AndroidManifest.xml:17:1-22:12
MERGED from [androidx.savedstate:savedstate:1.2.1] AndroidManifest.xml:17:1-22:12
MERGED from [androidx.emoji2:emoji2-views-helper:1.3.0] AndroidManifest.xml:2:1-7:12
MERGED from [androidx.emoji2:emoji2:1.3.0] AndroidManifest.xml:17:1-35:12
MERGED from [androidx.lifecycle:lifecycle-livedata-core-ktx:2.8.7] AndroidManifest.xml:2:1-7:12
MERGED from [androidx.lifecycle:lifecycle-process:2.8.7] AndroidManifest.xml:17:1-35:12
MERGED from [androidx.lifecycle:lifecycle-runtime-compose-android:2.8.7] AndroidManifest.xml:2:1-7:12
MERGED from [androidx.lifecycle:lifecycle-service:2.8.7] AndroidManifest.xml:2:1-7:12
MERGED from [androidx.lifecycle:lifecycle-livedata:2.8.7] AndroidManifest.xml:17:1-22:12
MERGED from [androidx.lifecycle:lifecycle-viewmodel:2.8.7] AndroidManifest.xml:2:1-5:12
MERGED from [androidx.lifecycle:lifecycle-viewmodel-android:2.8.7] AndroidManifest.xml:17:1-22:12
MERGED from [androidx.lifecycle:lifecycle-runtime-android:2.8.7] AndroidManifest.xml:17:1-22:12
MERGED from [androidx.lifecycle:lifecycle-livedata-core:2.8.7] AndroidManifest.xml:17:1-22:12
MERGED from [androidx.lifecycle:lifecycle-viewmodel-savedstate:2.8.7] AndroidManifest.xml:17:1-22:12
MERGED from [androidx.lifecycle:lifecycle-viewmodel-ktx:2.8.7] AndroidManifest.xml:2:1-7:12
MERGED from [androidx.lifecycle:lifecycle-runtime-ktx-android:2.8.7] AndroidManifest.xml:2:1-7:12
MERGED from [androidx.compose.runtime:runtime-saveable-android:1.7.5] AndroidManifest.xml:2:1-7:12
MERGED from [androidx.compose.runtime:runtime-android:1.7.5] AndroidManifest.xml:2:1-7:12
MERGED from [androidx.privacysandbox.ads:ads-adservices-java:1.1.0-beta11] AndroidManifest.xml:2:1-7:12
MERGED from [androidx.privacysandbox.ads:ads-adservices:1.1.0-beta11] AndroidManifest.xml:17:1-28:12
MERGED from [androidx.datastore:datastore-core-android:1.1.7] AndroidManifest.xml:2:1-7:12
MERGED from [androidx.datastore:datastore-preferences-core-android:1.1.7] AndroidManifest.xml:2:1-7:12
MERGED from [androidx.datastore:datastore-android:1.1.7] AndroidManifest.xml:17:1-22:12
MERGED from [androidx.datastore:datastore-preferences-android:1.1.7] AndroidManifest.xml:17:1-22:12
MERGED from [com.google.firebase:firebase-installations-interop:17.3.0] AndroidManifest.xml:15:1-19:12
MERGED from [com.google.android.gms:play-services-tasks:18.4.0] AndroidManifest.xml:2:1-6:12
MERGED from [com.google.firebase:firebase-measurement-connector:19.0.0] AndroidManifest.xml:17:1-25:12
MERGED from [com.google.android.ump:user-messaging-platform:2.2.0] AndroidManifest.xml:2:1-7:12
MERGED from [com.google.android.gms:play-services-measurement-sdk-api:23.0.0] AndroidManifest.xml:17:1-30:12
MERGED from [com.google.android.gms:play-services-measurement-base:23.0.0] AndroidManifest.xml:2:1-9:12
MERGED from [com.google.android.gms:play-services-basement:18.9.0] AndroidManifest.xml:16:1-26:12
MERGED from [androidx.fragment:fragment:1.5.7] AndroidManifest.xml:17:1-24:12
MERGED from [androidx.activity:activity:1.9.3] AndroidManifest.xml:17:1-22:12
MERGED from [androidx.browser:browser:1.4.0] AndroidManifest.xml:17:1-24:12
MERGED from [androidx.recyclerview:recyclerview:1.1.0] AndroidManifest.xml:17:1-24:12
MERGED from [androidx.viewpager:viewpager:1.0.0] AndroidManifest.xml:17:1-22:12
MERGED from [androidx.customview:customview:1.1.0] AndroidManifest.xml:17:1-24:12
MERGED from [androidx.autofill:autofill:1.0.0] AndroidManifest.xml:17:1-24:12
MERGED from [androidx.graphics:graphics-path:1.0.1] AndroidManifest.xml:2:1-7:12
MERGED from [androidx.core:core:1.15.0] AndroidManifest.xml:17:1-30:12
MERGED from [androidx.customview:customview-poolingcontainer:1.0.0] AndroidManifest.xml:17:1-23:12
MERGED from [androidx.core:core-ktx:1.15.0] AndroidManifest.xml:2:1-7:12
MERGED from [androidx.cardview:cardview:1.0.0] AndroidManifest.xml:17:1-22:12
MERGED from [androidx.localbroadcastmanager:localbroadcastmanager:1.0.0] AndroidManifest.xml:17:1-22:12
MERGED from [com.google.firebase:firebase-components:19.0.0] AndroidManifest.xml:15:1-20:12
MERGED from [com.google.firebase:firebase-datatransport:18.2.0] AndroidManifest.xml:15:1-31:12
MERGED from [com.google.android.datatransport:transport-backend-cct:3.1.9] AndroidManifest.xml:15:1-37:12
MERGED from [com.google.firebase:firebase-encoders-json:18.0.0] AndroidManifest.xml:15:1-23:12
MERGED from [com.google.android.datatransport:transport-runtime:3.1.9] AndroidManifest.xml:15:1-41:12
MERGED from [com.google.android.datatransport:transport-api:3.1.0] AndroidManifest.xml:15:1-20:12
MERGED from [androidx.interpolator:interpolator:1.0.0] AndroidManifest.xml:17:1-22:12
MERGED from [androidx.profileinstaller:profileinstaller:1.3.1] AndroidManifest.xml:17:1-55:12
MERGED from [androidx.startup:startup-runtime:1.1.1] AndroidManifest.xml:17:1-33:12
MERGED from [androidx.tracing:tracing:1.2.0] AndroidManifest.xml:17:1-22:12
MERGED from [androidx.versionedparcelable:versionedparcelable:1.1.1] AndroidManifest.xml:17:1-27:12
MERGED from [androidx.cursoradapter:cursoradapter:1.0.0] AndroidManifest.xml:17:1-22:12
MERGED from [androidx.databinding:viewbinding:8.4.2] AndroidManifest.xml:2:1-7:12
MERGED from [androidx.documentfile:documentfile:1.0.0] AndroidManifest.xml:17:1-22:12
MERGED from [androidx.print:print:1.0.0] AndroidManifest.xml:17:1-22:12
MERGED from [androidx.room:room-runtime:2.2.5] AndroidManifest.xml:17:1-31:12
MERGED from [androidx.sqlite:sqlite-framework:2.1.0] AndroidManifest.xml:17:1-24:12
MERGED from [androidx.sqlite:sqlite:2.1.0] AndroidManifest.xml:17:1-24:12
MERGED from [androidx.arch.core:core-runtime:2.2.0] AndroidManifest.xml:17:1-22:12
MERGED from [androidx.exifinterface:exifinterface:1.3.7] AndroidManifest.xml:17:1-24:12
MERGED from [androidx.annotation:annotation-experimental:1.4.1] AndroidManifest.xml:2:1-7:12
MERGED from [com.google.android.libraries.identity.googleid:googleid:1.1.0] AndroidManifest.xml:2:1-7:12
MERGED from [io.grpc:grpc-android:1.62.2] AndroidManifest.xml:2:1-9:12
MERGED from [com.google.firebase:protolite-well-known-types:18.0.1] AndroidManifest.xml:2:1-7:12
MERGED from [com.google.android.play:core-common:2.0.3] AndroidManifest.xml:2:1-21:12
	package
		INJECTED from src\main\AndroidManifest.xml
	android:versionName
		INJECTED from src\main\AndroidManifest.xml
	xmlns:tools
		ADDED from src\main\AndroidManifest.xml:3:5-51
	android:versionCode
		INJECTED from src\main\AndroidManifest.xml
	xmlns:android
		ADDED from src\main\AndroidManifest.xml:2:11-69
uses-permission#android.permission.INTERNET
ADDED from src\main\AndroidManifest.xml:5:5-67
MERGED from [com.google.android.gms:play-services-maps:19.0.0] AndroidManifest.xml:24:5-67
MERGED from [com.google.android.gms:play-services-maps:19.0.0] AndroidManifest.xml:24:5-67
MERGED from [com.google.firebase:firebase-auth:24.0.1] AndroidManifest.xml:25:5-67
MERGED from [com.google.firebase:firebase-auth:24.0.1] AndroidManifest.xml:25:5-67
MERGED from [com.google.firebase:firebase-firestore:26.1.1] AndroidManifest.xml:11:5-67
MERGED from [com.google.firebase:firebase-firestore:26.1.1] AndroidManifest.xml:11:5-67
MERGED from [com.google.firebase:firebase-storage:22.0.1] AndroidManifest.xml:24:5-67
MERGED from [com.google.firebase:firebase-storage:22.0.1] AndroidManifest.xml:24:5-67
MERGED from [com.google.android.gms:play-services-measurement:23.0.0] AndroidManifest.xml:23:5-67
MERGED from [com.google.android.gms:play-services-measurement:23.0.0] AndroidManifest.xml:23:5-67
MERGED from [com.google.android.gms:play-services-measurement-impl:23.0.0] AndroidManifest.xml:23:5-67
MERGED from [com.google.android.gms:play-services-measurement-impl:23.0.0] AndroidManifest.xml:23:5-67
MERGED from [com.google.android.gms:play-services-ads-lite:23.0.0] AndroidManifest.xml:24:5-67
MERGED from [com.google.android.gms:play-services-ads-lite:23.0.0] AndroidManifest.xml:24:5-67
MERGED from [com.google.android.gms:play-services-measurement-api:23.0.0] AndroidManifest.xml:22:5-67
MERGED from [com.google.android.gms:play-services-measurement-api:23.0.0] AndroidManifest.xml:22:5-67
MERGED from [com.google.android.recaptcha:recaptcha:18.6.1] AndroidManifest.xml:7:5-67
MERGED from [com.google.android.recaptcha:recaptcha:18.6.1] AndroidManifest.xml:7:5-67
MERGED from [com.google.firebase:firebase-installations:19.1.0] AndroidManifest.xml:8:5-67
MERGED from [com.google.firebase:firebase-installations:19.1.0] AndroidManifest.xml:8:5-67
MERGED from [com.google.android.gms:play-services-cloud-messaging:17.2.0] AndroidManifest.xml:8:5-67
MERGED from [com.google.android.gms:play-services-cloud-messaging:17.2.0] AndroidManifest.xml:8:5-67
MERGED from [com.google.android.gms:play-services-measurement-sdk-api:23.0.0] AndroidManifest.xml:23:5-67
MERGED from [com.google.android.gms:play-services-measurement-sdk-api:23.0.0] AndroidManifest.xml:23:5-67
MERGED from [com.google.android.datatransport:transport-backend-cct:3.1.9] AndroidManifest.xml:25:5-67
MERGED from [com.google.android.datatransport:transport-backend-cct:3.1.9] AndroidManifest.xml:25:5-67
	android:name
		ADDED from src\main\AndroidManifest.xml:5:22-64
uses-permission#android.permission.ACCESS_NETWORK_STATE
ADDED from src\main\AndroidManifest.xml:6:5-79
MERGED from [com.google.android.gms:play-services-maps:19.0.0] AndroidManifest.xml:23:5-79
MERGED from [com.google.android.gms:play-services-maps:19.0.0] AndroidManifest.xml:23:5-79
MERGED from [com.google.firebase:firebase-auth:24.0.1] AndroidManifest.xml:26:5-79
MERGED from [com.google.firebase:firebase-auth:24.0.1] AndroidManifest.xml:26:5-79
MERGED from [com.google.firebase:firebase-firestore:26.1.1] AndroidManifest.xml:10:5-79
MERGED from [com.google.firebase:firebase-firestore:26.1.1] AndroidManifest.xml:10:5-79
MERGED from [com.google.firebase:firebase-messaging:25.0.1] AndroidManifest.xml:22:5-79
MERGED from [com.google.firebase:firebase-messaging:25.0.1] AndroidManifest.xml:22:5-79
MERGED from [com.google.firebase:firebase-storage:22.0.1] AndroidManifest.xml:23:5-79
MERGED from [com.google.firebase:firebase-storage:22.0.1] AndroidManifest.xml:23:5-79
MERGED from [com.google.android.gms:play-services-measurement:23.0.0] AndroidManifest.xml:24:5-79
MERGED from [com.google.android.gms:play-services-measurement:23.0.0] AndroidManifest.xml:24:5-79
MERGED from [com.google.android.gms:play-services-measurement-impl:23.0.0] AndroidManifest.xml:24:5-79
MERGED from [com.google.android.gms:play-services-measurement-impl:23.0.0] AndroidManifest.xml:24:5-79
MERGED from [com.google.android.gms:play-services-ads-lite:23.0.0] AndroidManifest.xml:25:5-79
MERGED from [com.google.android.gms:play-services-ads-lite:23.0.0] AndroidManifest.xml:25:5-79
MERGED from [com.google.android.gms:play-services-measurement-api:23.0.0] AndroidManifest.xml:23:5-79
MERGED from [com.google.android.gms:play-services-measurement-api:23.0.0] AndroidManifest.xml:23:5-79
MERGED from [com.google.android.recaptcha:recaptcha:18.6.1] AndroidManifest.xml:8:5-79
MERGED from [com.google.android.recaptcha:recaptcha:18.6.1] AndroidManifest.xml:8:5-79
MERGED from [com.google.firebase:firebase-installations:19.1.0] AndroidManifest.xml:7:5-79
MERGED from [com.google.firebase:firebase-installations:19.1.0] AndroidManifest.xml:7:5-79
MERGED from [com.google.android.gms:play-services-cloud-messaging:17.2.0] AndroidManifest.xml:7:5-79
MERGED from [com.google.android.gms:play-services-cloud-messaging:17.2.0] AndroidManifest.xml:7:5-79
MERGED from [androidx.work:work-runtime:2.7.0] AndroidManifest.xml:26:5-79
MERGED from [androidx.work:work-runtime:2.7.0] AndroidManifest.xml:26:5-79
MERGED from [com.google.android.gms:play-services-measurement-sdk-api:23.0.0] AndroidManifest.xml:24:5-79
MERGED from [com.google.android.gms:play-services-measurement-sdk-api:23.0.0] AndroidManifest.xml:24:5-79
MERGED from [com.google.android.datatransport:transport-backend-cct:3.1.9] AndroidManifest.xml:24:5-79
MERGED from [com.google.android.datatransport:transport-backend-cct:3.1.9] AndroidManifest.xml:24:5-79
MERGED from [com.google.android.datatransport:transport-runtime:3.1.9] AndroidManifest.xml:22:5-79
MERGED from [com.google.android.datatransport:transport-runtime:3.1.9] AndroidManifest.xml:22:5-79
MERGED from [io.grpc:grpc-android:1.62.2] AndroidManifest.xml:7:5-79
MERGED from [io.grpc:grpc-android:1.62.2] AndroidManifest.xml:7:5-79
	android:name
		ADDED from src\main\AndroidManifest.xml:6:22-76
uses-permission#android.permission.ACCESS_FINE_LOCATION
ADDED from src\main\AndroidManifest.xml:6:80-154
	android:name
		ADDED from src\main\AndroidManifest.xml:6:97-151
uses-permission#android.permission.ACCESS_COARSE_LOCATION
ADDED from src\main\AndroidManifest.xml:7:5-81
	android:name
		ADDED from src\main\AndroidManifest.xml:7:22-78
uses-permission#android.permission.CAMERA
ADDED from src\main\AndroidManifest.xml:8:5-65
	android:name
		ADDED from src\main\AndroidManifest.xml:8:22-62
uses-permission#android.permission.POST_NOTIFICATIONS
ADDED from src\main\AndroidManifest.xml:9:5-77
MERGED from [com.google.firebase:firebase-messaging:25.0.1] AndroidManifest.xml:23:5-77
MERGED from [com.google.firebase:firebase-messaging:25.0.1] AndroidManifest.xml:23:5-77
	android:name
		ADDED from src\main\AndroidManifest.xml:9:22-74
application
ADDED from src\main\AndroidManifest.xml:11:5-63:19
INJECTED from src\main\AndroidManifest.xml:11:5-63:19
MERGED from [com.google.android.material:material:1.12.0] AndroidManifest.xml:22:5-20
MERGED from [com.google.android.material:material:1.12.0] AndroidManifest.xml:22:5-20
MERGED from [androidx.constraintlayout:constraintlayout:2.0.1] AndroidManifest.xml:9:5-20
MERGED from [androidx.constraintlayout:constraintlayout:2.0.1] AndroidManifest.xml:9:5-20
MERGED from [com.google.android.gms:play-services-maps:19.0.0] AndroidManifest.xml:36:5-42:19
MERGED from [com.google.android.gms:play-services-maps:19.0.0] AndroidManifest.xml:36:5-42:19
MERGED from [com.google.firebase:firebase-auth:24.0.1] AndroidManifest.xml:28:5-73:19
MERGED from [com.google.firebase:firebase-auth:24.0.1] AndroidManifest.xml:28:5-73:19
MERGED from [androidx.credentials:credentials-play-services-auth:1.2.0-rc01] AndroidManifest.xml:23:5-42:19
MERGED from [androidx.credentials:credentials-play-services-auth:1.2.0-rc01] AndroidManifest.xml:23:5-42:19
MERGED from [com.google.android.gms:play-services-auth:21.2.0] AndroidManifest.xml:22:5-38:19
MERGED from [com.google.android.gms:play-services-auth:21.2.0] AndroidManifest.xml:22:5-38:19
MERGED from [com.google.android.gms:play-services-location:21.3.0] AndroidManifest.xml:6:5-20
MERGED from [com.google.android.gms:play-services-location:21.3.0] AndroidManifest.xml:6:5-20
MERGED from [com.google.firebase:firebase-firestore:26.1.1] AndroidManifest.xml:13:5-24:19
MERGED from [com.google.firebase:firebase-firestore:26.1.1] AndroidManifest.xml:13:5-24:19
MERGED from [com.google.firebase:firebase-messaging:25.0.1] AndroidManifest.xml:28:5-64:19
MERGED from [com.google.firebase:firebase-messaging:25.0.1] AndroidManifest.xml:28:5-64:19
MERGED from [com.google.firebase:firebase-storage:22.0.1] AndroidManifest.xml:26:5-37:19
MERGED from [com.google.firebase:firebase-storage:22.0.1] AndroidManifest.xml:26:5-37:19
MERGED from [com.google.android.gms:play-services-appset:16.0.1] AndroidManifest.xml:7:5-20
MERGED from [com.google.android.gms:play-services-appset:16.0.1] AndroidManifest.xml:7:5-20
MERGED from [com.google.firebase:firebase-appcheck:19.0.2] AndroidManifest.xml:21:5-32:19
MERGED from [com.google.firebase:firebase-appcheck:19.0.2] AndroidManifest.xml:21:5-32:19
MERGED from [com.google.firebase:firebase-appcheck-interop:17.1.0] AndroidManifest.xml:21:5-20
MERGED from [com.google.firebase:firebase-appcheck-interop:17.1.0] AndroidManifest.xml:21:5-20
MERGED from [com.google.firebase:firebase-analytics:23.0.0] AndroidManifest.xml:7:5-20
MERGED from [com.google.firebase:firebase-analytics:23.0.0] AndroidManifest.xml:7:5-20
MERGED from [com.google.android.gms:play-services-measurement:23.0.0] AndroidManifest.xml:28:5-44:19
MERGED from [com.google.android.gms:play-services-measurement:23.0.0] AndroidManifest.xml:28:5-44:19
MERGED from [com.google.android.gms:play-services-measurement-sdk:23.0.0] AndroidManifest.xml:22:5-23:19
MERGED from [com.google.android.gms:play-services-measurement-sdk:23.0.0] AndroidManifest.xml:22:5-23:19
MERGED from [com.google.android.gms:play-services-measurement-impl:23.0.0] AndroidManifest.xml:29:5-30:19
MERGED from [com.google.android.gms:play-services-measurement-impl:23.0.0] AndroidManifest.xml:29:5-30:19
MERGED from [com.google.android.gms:play-services-fido:20.1.0] AndroidManifest.xml:7:5-8:19
MERGED from [com.google.android.gms:play-services-fido:20.1.0] AndroidManifest.xml:7:5-8:19
MERGED from [com.google.android.gms:play-services-base:18.9.0] AndroidManifest.xml:19:5-23:19
MERGED from [com.google.android.gms:play-services-base:18.9.0] AndroidManifest.xml:19:5-23:19
MERGED from [com.google.android.gms:play-services-ads-lite:23.0.0] AndroidManifest.xml:53:5-93:19
MERGED from [com.google.android.gms:play-services-ads-lite:23.0.0] AndroidManifest.xml:53:5-93:19
MERGED from [com.google.android.gms:play-services-ads-base:23.0.0] AndroidManifest.xml:7:5-20
MERGED from [com.google.android.gms:play-services-ads-base:23.0.0] AndroidManifest.xml:7:5-20
MERGED from [com.google.android.gms:play-services-measurement-api:23.0.0] AndroidManifest.xml:29:5-37:19
MERGED from [com.google.android.gms:play-services-measurement-api:23.0.0] AndroidManifest.xml:29:5-37:19
MERGED from [com.google.android.gms:play-services-ads-identifier:18.0.0] AndroidManifest.xml:25:5-20
MERGED from [com.google.android.gms:play-services-ads-identifier:18.0.0] AndroidManifest.xml:25:5-20
MERGED from [com.google.android.play:integrity:1.3.0] AndroidManifest.xml:5:5-6:19
MERGED from [com.google.android.play:integrity:1.3.0] AndroidManifest.xml:5:5-6:19
MERGED from [com.google.firebase:firebase-auth-interop:20.0.0] AndroidManifest.xml:7:5-8:19
MERGED from [com.google.firebase:firebase-auth-interop:20.0.0] AndroidManifest.xml:7:5-8:19
MERGED from [com.google.firebase:firebase-installations:19.1.0] AndroidManifest.xml:11:5-22:19
MERGED from [com.google.firebase:firebase-installations:19.1.0] AndroidManifest.xml:11:5-22:19
MERGED from [com.google.firebase:firebase-common:22.0.1] AndroidManifest.xml:22:5-39:19
MERGED from [com.google.firebase:firebase-common:22.0.1] AndroidManifest.xml:22:5-39:19
MERGED from [com.google.firebase:firebase-iid-interop:17.1.0] AndroidManifest.xml:7:5-8:19
MERGED from [com.google.firebase:firebase-iid-interop:17.1.0] AndroidManifest.xml:7:5-8:19
MERGED from [com.google.android.gms:play-services-stats:17.0.2] AndroidManifest.xml:7:5-20
MERGED from [com.google.android.gms:play-services-stats:17.0.2] AndroidManifest.xml:7:5-20
MERGED from [androidx.work:work-runtime:2.7.0] AndroidManifest.xml:30:5-143:19
MERGED from [androidx.work:work-runtime:2.7.0] AndroidManifest.xml:30:5-143:19
MERGED from [androidx.emoji2:emoji2:1.3.0] AndroidManifest.xml:23:5-33:19
MERGED from [androidx.emoji2:emoji2:1.3.0] AndroidManifest.xml:23:5-33:19
MERGED from [androidx.lifecycle:lifecycle-process:2.8.7] AndroidManifest.xml:23:5-33:19
MERGED from [androidx.lifecycle:lifecycle-process:2.8.7] AndroidManifest.xml:23:5-33:19
MERGED from [androidx.privacysandbox.ads:ads-adservices:1.1.0-beta11] AndroidManifest.xml:22:5-26:19
MERGED from [androidx.privacysandbox.ads:ads-adservices:1.1.0-beta11] AndroidManifest.xml:22:5-26:19
MERGED from [com.google.android.gms:play-services-tasks:18.4.0] AndroidManifest.xml:5:5-20
MERGED from [com.google.android.gms:play-services-tasks:18.4.0] AndroidManifest.xml:5:5-20
MERGED from [com.google.firebase:firebase-measurement-connector:19.0.0] AndroidManifest.xml:22:5-23:19
MERGED from [com.google.firebase:firebase-measurement-connector:19.0.0] AndroidManifest.xml:22:5-23:19
MERGED from [com.google.android.gms:play-services-measurement-base:23.0.0] AndroidManifest.xml:7:5-20
MERGED from [com.google.android.gms:play-services-measurement-base:23.0.0] AndroidManifest.xml:7:5-20
MERGED from [com.google.android.gms:play-services-basement:18.9.0] AndroidManifest.xml:20:5-24:19
MERGED from [com.google.android.gms:play-services-basement:18.9.0] AndroidManifest.xml:20:5-24:19
MERGED from [androidx.core:core:1.15.0] AndroidManifest.xml:28:5-89
MERGED from [androidx.core:core:1.15.0] AndroidManifest.xml:28:5-89
MERGED from [com.google.firebase:firebase-datatransport:18.2.0] AndroidManifest.xml:21:5-29:19
MERGED from [com.google.firebase:firebase-datatransport:18.2.0] AndroidManifest.xml:21:5-29:19
MERGED from [com.google.android.datatransport:transport-backend-cct:3.1.9] AndroidManifest.xml:27:5-35:19
MERGED from [com.google.android.datatransport:transport-backend-cct:3.1.9] AndroidManifest.xml:27:5-35:19
MERGED from [com.google.android.datatransport:transport-runtime:3.1.9] AndroidManifest.xml:25:5-39:19
MERGED from [com.google.android.datatransport:transport-runtime:3.1.9] AndroidManifest.xml:25:5-39:19
MERGED from [androidx.profileinstaller:profileinstaller:1.3.1] AndroidManifest.xml:23:5-53:19
MERGED from [androidx.profileinstaller:profileinstaller:1.3.1] AndroidManifest.xml:23:5-53:19
MERGED from [androidx.startup:startup-runtime:1.1.1] AndroidManifest.xml:25:5-31:19
MERGED from [androidx.startup:startup-runtime:1.1.1] AndroidManifest.xml:25:5-31:19
MERGED from [androidx.versionedparcelable:versionedparcelable:1.1.1] AndroidManifest.xml:24:5-25:19
MERGED from [androidx.versionedparcelable:versionedparcelable:1.1.1] AndroidManifest.xml:24:5-25:19
MERGED from [androidx.room:room-runtime:2.2.5] AndroidManifest.xml:24:5-29:19
MERGED from [androidx.room:room-runtime:2.2.5] AndroidManifest.xml:24:5-29:19
MERGED from [com.google.android.play:core-common:2.0.3] AndroidManifest.xml:11:5-19:19
MERGED from [com.google.android.play:core-common:2.0.3] AndroidManifest.xml:11:5-19:19
	android:extractNativeLibs
		INJECTED from src\main\AndroidManifest.xml
	android:appComponentFactory
		ADDED from [androidx.core:core:1.15.0] AndroidManifest.xml:28:18-86
	android:supportsRtl
		ADDED from src\main\AndroidManifest.xml:18:9-35
	android:label
		ADDED from src\main\AndroidManifest.xml:16:9-41
	android:fullBackupContent
		ADDED from src\main\AndroidManifest.xml:14:9-54
	android:roundIcon
		ADDED from src\main\AndroidManifest.xml:17:9-54
	tools:targetApi
		ADDED from src\main\AndroidManifest.xml:21:9-29
	android:icon
		ADDED from src\main\AndroidManifest.xml:15:9-43
	android:allowBackup
		ADDED from src\main\AndroidManifest.xml:12:9-35
	android:theme
		ADDED from src\main\AndroidManifest.xml:19:9-49
	android:dataExtractionRules
		ADDED from src\main\AndroidManifest.xml:13:9-65
	android:usesCleartextTraffic
		ADDED from src\main\AndroidManifest.xml:20:9-44